irun(64): 15.20-s069: (c) Copyright 1995-2019 Cadence Design Systems, Inc.
TOOL:	irun(64)	15.20-s069: Started on Jan 19, 2021 at 18:18:32 IST
irun
	FlashDesignModule.v
	FlashTestbench.v
	-access rw
	+gui
	-s
Recompiling... reason: file './FlashDesignModule.v' is newer than expected.
	expected: Tue Jan 19 18:17:29 2021
	actual:   Tue Jan 19 18:18:22 2021
file: FlashDesignModule.v
	module worklib.flash_8bit:v
		errors: 0, warnings: 0
		Caching library 'worklib' ....... Done
	Elaborating the design hierarchy:
	Top level design units:
		ADC_8bit_tf
	Building instance overlay tables: .................... Done
	Generating native compiled code:
		worklib.flash_8bit:v <0x279d2da3>
			streams:   2, words:  2229
	Building instance specific data structures.
	Loading native compiled code:     .................... Done
	Design hierarchy summary:
		                 Instances  Unique
		Modules:                 2       2
		Registers:              12      12
		Vectored wires:          2       -
		Always blocks:           1       1
		Initial blocks:          2       2
		Cont. assignments:       0       1
		Pseudo assignments:      1       1
		Simulation timescale:  1ps
	Writing initial simulation snapshot: worklib.ADC_8bit_tf:v
ncsim> 
ncsim> source /cad/INCISIVE152/tools/inca/files/ncsimrc
ncsim> 
-------------------------------------
Relinquished control to SimVision...
# Restoring simulation environment...
ncsim> input -quiet .reinvoke.sim
ncsim> file delete .reinvoke.sim
ncsim> run
                   0 0   x
                  10 0.1   0
                  20 0.2   1
                  30 0.3   2
                  40 0.4   3
                  50 0.5   5
                  60 0.6   6
                  70 0.7   7
                  80 0.7999999999999999   8
                  90 0.8999999999999999  10
                 100 0.9999999999999999  11
                 110 1.1  12
                 120 1.2  14
                 130 1.3  15
                 140 1.4  16
                 150 1.5  17
                 160 1.6  19
                 170 1.7  20
                 180 1.8  21
                 190 1.900000000000001  23
                 200 2  24
                 210 2.100000000000001  25
                 220 2.200000000000001  26
                 230 2.300000000000001  28
                 240 2.400000000000001  29
                 250 2.500000000000001  30
                 260 2.600000000000001  32
                 270 2.700000000000001  33
                 280 2.800000000000001  34
                 290 2.900000000000001  35
                 300 3.000000000000001  37
                 310 3.100000000000001  38
                 320 3.200000000000002  39
                 330 3.300000000000002  40
                 340 3.400000000000002  42
                 350 3.500000000000002  43
                 360 3.600000000000002  44
                 370 3.700000000000002  46
                 380 3.800000000000002  47
                 390 3.900000000000002  48
                 400 4.000000000000002  49
                 410 4.100000000000001  51
                 420 4.200000000000001  52
                 430 4.300000000000001  53
                 440 4.4  55
                 450 4.5  56
                 460 4.6  57
                 470 4.699999999999999  58
                 480 4.799999999999999  60
                 490 4.899999999999999  61
                 500 4.999999999999998  62
                 510 5.099999999999998  63
                 520 5.199999999999998  65
                 530 5.299999999999997  66
                 540 5.399999999999997  67
                 550 5.499999999999996  69
                 560 5.599999999999996  70
                 570 5.699999999999996  71
                 580 5.799999999999995  72
                 590 5.899999999999995  74
                 600 5.999999999999995  75
                 610 6.099999999999994  76
                 620 6.199999999999994  78
                 630 6.299999999999994  79
                 640 6.399999999999993  80
                 650 6.499999999999993  81
                 660 6.599999999999993  83
                 670 6.699999999999992  84
                 680 6.799999999999992  85
                 690 6.899999999999991  87
                 700 6.999999999999991  88
                 710 7.099999999999991  89
                 720 7.19999999999999  90
                 730 7.29999999999999  92
                 740 7.39999999999999  93
                 750 7.499999999999989  94
                 760 7.599999999999989  95
                 770 7.699999999999989  97
                 780 7.799999999999988  98
                 790 7.899999999999988  99
                 800 7.999999999999988 101
                 810 8.099999999999987 102
                 820 8.199999999999987 103
                 830 8.299999999999986 104
                 840 8.399999999999986 106
                 850 8.499999999999986 107
                 860 8.599999999999985 108
                 870 8.699999999999985 110
                 880 8.799999999999985 111
                 890 8.899999999999984 112
                 900 8.999999999999984 113
                 910 9.099999999999984 115
                 920 9.199999999999983 116
                 930 9.299999999999983 117
                 940 9.399999999999983 119
                 950 9.499999999999982 120
                 960 9.599999999999982 121
                 970 9.699999999999982 122
                 980 9.799999999999981 124
                 990 9.899999999999981 125
                1000 9.99999999999998 126
                1010 10.09999999999998 127
                1020 10.19999999999998 127
                1030 10.29999999999998 127
                1040 10.39999999999998 127
                1050 10.49999999999998 127
                1060 10.59999999999998 127
                1070 10.69999999999998 127
                1080 10.79999999999998 127
                1090 10.89999999999998 127
                1100 10.99999999999998 127
                1110 11.09999999999998 127
                1120 10.99999999999998 127
                1130 10.89999999999998 127
                1140 10.79999999999998 127
                1150 10.69999999999998 127
                1160 10.59999999999998 127
                1170 10.49999999999998 127
                1180 10.39999999999998 127
                1190 10.29999999999998 127
                1200 10.19999999999998 127
                1210 10.09999999999998 127
                1220 9.99999999999998 127
                1230 9.899999999999981 127
                1240 9.799999999999981 126
                1250 9.699999999999982 125
                1260 9.599999999999982 124
                1270 9.499999999999982 122
                1280 9.399999999999983 121
                1290 9.299999999999983 120
                1300 9.199999999999983 119
                1310 9.099999999999984 117
                1320 8.999999999999984 116
                1330 8.899999999999984 115
                1340 8.799999999999985 113
                1350 8.699999999999985 112
                1360 8.599999999999985 111
                1370 8.499999999999986 110
                1380 8.399999999999986 108
                1390 8.299999999999986 107
                1400 8.199999999999987 106
                1410 8.099999999999987 104
                1420 7.999999999999988 103
                1430 7.899999999999988 102
                1440 7.799999999999988 101
                1450 7.699999999999989  99
                1460 7.599999999999989  98
                1470 7.499999999999989  97
                1480 7.39999999999999  95
                1490 7.29999999999999  94
                1500 7.19999999999999  93
                1510 7.099999999999991  92
                1520 6.999999999999991  90
                1530 6.899999999999991  89
                1540 6.799999999999992  88
                1550 6.699999999999992  87
                1560 6.599999999999993  85
                1570 6.499999999999993  84
                1580 6.399999999999993  83
                1590 6.299999999999994  81
                1600 6.199999999999994  80
                1610 6.099999999999994  79
                1620 5.999999999999995  78
                1630 5.899999999999995  76
                1640 5.799999999999995  75
                1650 5.699999999999996  74
                1660 5.599999999999996  72
                1670 5.499999999999996  71
                1680 5.399999999999997  70
                1690 5.299999999999997  69
                1700 5.199999999999998  67
                1710 5.099999999999998  66
                1720 4.999999999999998  65
                1730 4.899999999999999  63
                1740 4.799999999999999  62
                1750 4.699999999999999  61
                1760 4.6  60
                1770 4.5  58
                1780 4.4  57
                1790 4.300000000000001  56
                1800 4.200000000000001  55
                1810 4.100000000000001  53
                1820 4.000000000000002  52
                1830 3.900000000000002  51
                1840 3.800000000000002  49
                1850 3.700000000000002  48
                1860 3.600000000000001  47
                1870 3.500000000000001  46
                1880 3.400000000000001  44
                1890 3.300000000000001  43
                1900 3.200000000000001  42
                1910 3.100000000000001  40
                1920 3.000000000000001  39
                1930 2.900000000000001  38
                1940 2.800000000000001  37
                1950 2.700000000000001  35
                1960 2.600000000000001  34
                1970 2.5  33
                1980 2.4  32
                1990 2.3  30
                2000 2.2  29
                2010 2.1  28
                2020 2  26
                2030 1.9  25
                2040 1.8  24
                2050 1.7  23
                2060 1.6  21
                2070 1.5  20
                2080 1.399999999999999  19
                2090 1.299999999999999  17
                2100 1.199999999999999  16
                2110 1.099999999999999  15
                2120 0.9999999999999992  14
                2130 0.8999999999999992  12
                2140 0.7999999999999993  11
                2150 0.6999999999999993  10
                2160 0.5999999999999993   8
                2170 0.4999999999999993   7
                2180 0.3999999999999994   6
                2190 0.2999999999999994   5
                2200 0.1999999999999994   3
                2210 0.09999999999999937   2
                2220 -6.38378239159465e-16   1
                2230 -0.1000000000000006   0
                2240 -0.2000000000000006 255
                2250 -0.3000000000000007 254
                2260 -0.4000000000000007 253
                2270 -0.5000000000000007 251
                2280 -0.6000000000000006 250
                2290 -0.7000000000000006 249
                2300 -0.8000000000000006 248
                2310 -0.9000000000000006 246
                2320 -1.000000000000001 245
                2330 -1.100000000000001 244
                2340 -1.200000000000001 242
                2350 -1.300000000000001 241
                2360 -1.400000000000001 240
                2370 -1.500000000000001 239
                2380 -1.600000000000001 237
                2390 -1.700000000000001 236
                2400 -1.800000000000001 235
                2410 -1.900000000000001 233
                2420 -2.000000000000001 232
                2430 -2.100000000000001 231
                2440 -2.200000000000002 230
                2450 -2.300000000000002 228
                2460 -2.400000000000002 227
                2470 -2.500000000000002 226
                2480 -2.600000000000002 224
                2490 -2.700000000000002 223
                2500 -2.800000000000002 222
                2510 -2.900000000000002 221
                2520 -3.000000000000002 219
                2530 -3.100000000000002 218
                2540 -3.200000000000002 217
                2550 -3.300000000000002 216
                2560 -3.400000000000003 214
                2570 -3.500000000000003 213
                2580 -3.600000000000003 212
                2590 -3.700000000000003 210
                2600 -3.800000000000003 209
                2610 -3.900000000000003 208
                2620 -4.000000000000003 207
                2630 -4.100000000000002 205
                2640 -4.200000000000002 204
                2650 -4.300000000000002 203
                2660 -4.400000000000001 201
                2670 -4.500000000000001 200
                2680 -4.600000000000001 199
                2690 -4.7 198
                2700 -4.8 196
                2710 -4.899999999999999 195
                2720 -4.999999999999999 194
                2730 -5.099999999999999 193
                2740 -5.199999999999998 191
                2750 -5.299999999999998 190
                2760 -5.399999999999998 189
                2770 -5.499999999999997 187
                2780 -5.599999999999997 186
                2790 -5.699999999999997 185
                2800 -5.799999999999996 184
                2810 -5.899999999999996 182
                2820 -5.999999999999996 181
                2830 -6.099999999999995 180
                2840 -6.199999999999995 178
                2850 -6.299999999999994 177
                2860 -6.399999999999994 176
                2870 -6.499999999999994 175
                2880 -6.599999999999993 173
                2890 -6.699999999999993 172
                2900 -6.799999999999993 171
                2910 -6.899999999999992 169
                2920 -6.999999999999992 168
                2930 -7.099999999999992 167
                2940 -7.199999999999991 166
                2950 -7.299999999999991 164
                2960 -7.399999999999991 163
                2970 -7.49999999999999 162
                2980 -7.59999999999999 161
                2990 -7.69999999999999 159
                3000 -7.799999999999989 158
                3010 -7.899999999999989 157
                3020 -7.999999999999988 155
                3030 -8.099999999999989 154
                3040 -8.199999999999989 153
                3050 -8.299999999999988 152
                3060 -8.399999999999988 150
                3070 -8.499999999999988 149
                3080 -8.599999999999987 148
                3090 -8.699999999999987 146
                3100 -8.799999999999986 145
                3110 -8.899999999999986 144
                3120 -8.999999999999986 143
                3130 -9.099999999999985 141
                3140 -9.199999999999985 140
                3150 -9.299999999999985 139
                3160 -9.399999999999984 137
                3170 -9.499999999999984 136
                3180 -9.599999999999984 135
                3190 -9.699999999999983 134
                3200 -9.799999999999983 132
                3210 -9.899999999999983 131
                3220 -9.999999999999982 130
                3230 -10.09999999999998 129
                3240 -10.19999999999998 129
                3250 -10.29999999999998 129
                3260 -10.39999999999998 129
                3270 -10.49999999999998 129
                3280 -10.59999999999998 129
                3290 -10.69999999999998 129
                3300 -10.79999999999998 129
                3310 -10.89999999999998 129
                3320 -10.99999999999998 129
                3330 -11.09999999999998 129
                3340 -10.99999999999998 129
                3350 -10.89999999999998 129
                3360 -10.79999999999998 129
                3370 -10.69999999999998 129
                3380 -10.59999999999998 129
                3390 -10.49999999999998 129
                3400 -10.39999999999998 129
                3410 -10.29999999999998 129
                3420 -10.19999999999998 129
                3430 -10.09999999999998 129
                3440 -9.999999999999982 129
                3450 -9.899999999999983 129
                3460 -9.799999999999983 130
                3470 -9.699999999999983 131
                3480 -9.599999999999984 132
                3490 -9.499999999999984 134
                3500 -9.399999999999984 135
                3510 -9.299999999999985 136
                3520 -9.199999999999985 137
                3530 -9.099999999999985 139
                3540 -8.999999999999986 140
                3550 -8.899999999999986 141
                3560 -8.799999999999986 143
                3570 -8.699999999999987 144
                3580 -8.599999999999987 145
                3590 -8.499999999999988 146
                3600 -8.399999999999988 148
                3610 -8.299999999999988 149
                3620 -8.199999999999989 150
                3630 -8.099999999999989 152
                3640 -7.999999999999989 153
                3650 -7.89999999999999 154
                3660 -7.79999999999999 155
                3670 -7.69999999999999 157
                3680 -7.599999999999991 158
                3690 -7.499999999999991 159
                3700 -7.399999999999991 161
                3710 -7.299999999999992 162
                3720 -7.199999999999992 163
                3730 -7.099999999999993 164
                3740 -6.999999999999993 166
                3750 -6.899999999999993 167
                3760 -6.799999999999994 168
                3770 -6.699999999999994 169
                3780 -6.599999999999994 171
                3790 -6.499999999999995 172
                3800 -6.399999999999995 173
                3810 -6.299999999999995 175
                3820 -6.199999999999996 176
                3830 -6.099999999999996 177
                3840 -5.999999999999996 178
                3850 -5.899999999999997 180
                3860 -5.799999999999997 181
                3870 -5.699999999999998 182
                3880 -5.599999999999998 184
                3890 -5.499999999999998 185
                3900 -5.399999999999999 186
                3910 -5.299999999999999 187
                3920 -5.199999999999999 189
                3930 -5.1 190
                3940 -5 191
                3950 -4.9 192
                3960 -4.800000000000001 194
                3970 -4.700000000000001 195
                3980 -4.600000000000001 196
                3990 -4.500000000000002 198
                4000 -4.400000000000002 199
                4010 -4.300000000000002 200
                4020 -4.200000000000003 201
                4030 -4.100000000000003 203
                4040 -4.000000000000004 204
                4050 -3.900000000000003 205
                4060 -3.800000000000003 207
                4070 -3.700000000000003 208
                4080 -3.600000000000003 209
                4090 -3.500000000000003 210
                4100 -3.400000000000003 212
                4110 -3.300000000000003 213
                4120 -3.200000000000003 214
                4130 -3.100000000000003 216
                4140 -3.000000000000003 217
                4150 -2.900000000000003 218
                4160 -2.800000000000002 219
                4170 -2.700000000000002 221
                4180 -2.600000000000002 222
                4190 -2.500000000000002 223
                4200 -2.400000000000002 224
                4210 -2.300000000000002 226
                4220 -2.200000000000002 227
                4230 -2.100000000000002 228
                4240 -2.000000000000002 230
                4250 -1.900000000000002 231
                4260 -1.800000000000002 232
                4270 -1.700000000000002 233
                4280 -1.600000000000001 235
                4290 -1.500000000000001 236
                4300 -1.400000000000001 237
                4310 -1.300000000000001 239
                4320 -1.200000000000001 240
                4330 -1.100000000000001 241
                4340 -1.000000000000001 242
                4350 -0.9000000000000009 244
                4360 -0.8000000000000009 245
                4370 -0.700000000000001 246
                4380 -0.600000000000001 248
                4390 -0.500000000000001 249
                4400 -0.400000000000001 250
                4410 -0.300000000000001 251
                4420 -0.200000000000001 253
                4430 -0.100000000000001 254
                4440 -1.02695629777827e-15 255
                4450 0.09999999999999898   0
                4460 0.199999999999999   1
                4470 0.299999999999999   2
                4480 0.399999999999999   3
                4490 0.499999999999999   5
                4500 0.599999999999999   6
                4510 0.699999999999999   7
                4520 0.7999999999999989   8
                4530 0.8999999999999989  10
                4540 0.9999999999999989  11
                4550 1.099999999999999  12
                4560 1.199999999999999  14
                4570 1.299999999999999  15
                4580 1.399999999999999  16
                4590 1.499999999999999  17
                4600 1.599999999999999  19
                4610 1.7  20
                4620 1.8  21
                4630 1.9  23
                4640 2  24
                4650 2.1  25
                4660 2.2  26
                4670 2.3  28
                4680 2.4  29
                4690 2.5  30
                4700 2.6  32
                4710 2.7  33
                4720 2.8  34
                4730 2.9  35
                4740 3  37
                4750 3.100000000000001  38
                4760 3.200000000000001  39
                4770 3.300000000000001  40
                4780 3.400000000000001  42
                4790 3.500000000000001  43
                4800 3.600000000000001  44
                4810 3.700000000000001  46
                4820 3.800000000000001  47
                4830 3.900000000000001  48
                4840 4.000000000000001  49
                4850 4.100000000000001  51
                4860 4.2  52
                4870 4.3  53
                4880 4.399999999999999  55
                4890 4.499999999999999  56
                4900 4.599999999999999  57
                4910 4.699999999999998  58
                4920 4.799999999999998  60
                4930 4.899999999999998  61
                4940 4.999999999999997  62
                4950 5.099999999999997  63
                4960 5.199999999999997  65
                4970 5.299999999999996  66
                4980 5.399999999999996  67
                4990 5.499999999999996  69
                5000 5.599999999999995  70
                5010 5.699999999999995  71
                5020 5.799999999999994  72
                5030 5.899999999999994  74
                5040 5.999999999999994  75
                5050 6.099999999999993  76
                5060 6.199999999999993  78
                5070 6.299999999999993  79
                5080 6.399999999999992  80
                5090 6.499999999999992  81
                5100 6.599999999999992  83
                5110 6.699999999999991  84
                5120 6.799999999999991  85
                5130 6.899999999999991  87
                5140 6.99999999999999  88
                5150 7.09999999999999  89
                5160 7.19999999999999  90
                5170 7.299999999999989  92
                5180 7.399999999999989  93
                5190 7.499999999999988  94
                5200 7.599999999999988  95
                5210 7.699999999999988  97
                5220 7.799999999999987  98
                5230 7.899999999999987  99
                5240 7.999999999999987 101
                5250 8.099999999999987 102
                5260 8.199999999999987 103
                5270 8.299999999999986 104
                5280 8.399999999999986 106
                5290 8.499999999999986 107
                5300 8.599999999999985 108
                5310 8.699999999999985 110
                5320 8.799999999999985 111
                5330 8.899999999999984 112
                5340 8.999999999999984 113
                5350 9.099999999999984 115
                5360 9.199999999999983 116
                5370 9.299999999999983 117
                5380 9.399999999999983 119
                5390 9.499999999999982 120
                5400 9.599999999999982 121
                5410 9.699999999999982 122
                5420 9.799999999999981 124
                5430 9.899999999999981 125
                5440 9.99999999999998 126
                5450 10.09999999999998 127
                5460 10.19999999999998 127
                5470 10.29999999999998 127
                5480 10.39999999999998 127
                5490 10.49999999999998 127
                5500 10.59999999999998 127
                5510 10.69999999999998 127
                5520 10.79999999999998 127
                5530 10.89999999999998 127
                5540 10.99999999999998 127
                5550 11.09999999999998 127
                5560 10.99999999999998 127
                5570 10.89999999999998 127
                5580 10.79999999999998 127
                5590 10.69999999999998 127
                5600 10.59999999999998 127
                5610 10.49999999999998 127
                5620 10.39999999999998 127
                5630 10.29999999999998 127
                5640 10.19999999999998 127
                5650 10.09999999999998 127
                5660 9.99999999999998 127
                5670 9.899999999999981 127
                5680 9.799999999999981 126
                5690 9.699999999999982 125
                5700 9.599999999999982 124
                5710 9.499999999999982 122
                5720 9.399999999999983 121
                5730 9.299999999999983 120
                5740 9.199999999999983 119
                5750 9.099999999999984 117
                5760 8.999999999999984 116
                5770 8.899999999999984 115
                5780 8.799999999999985 113
                5790 8.699999999999985 112
                5800 8.599999999999985 111
                5810 8.499999999999986 110
                5820 8.399999999999986 108
                5830 8.299999999999986 107
                5840 8.199999999999987 106
                5850 8.099999999999987 104
                5860 7.999999999999988 103
                5870 7.899999999999988 102
                5880 7.799999999999988 101
                5890 7.699999999999989  99
                5900 7.599999999999989  98
                5910 7.499999999999989  97
                5920 7.39999999999999  95
                5930 7.29999999999999  94
                5940 7.19999999999999  93
                5950 7.099999999999991  92
                5960 6.999999999999991  90
                5970 6.899999999999991  89
                5980 6.799999999999992  88
                5990 6.699999999999992  87
                6000 6.599999999999993  85
                6010 6.499999999999993  84
                6020 6.399999999999993  83
                6030 6.299999999999994  81
                6040 6.199999999999994  80
                6050 6.099999999999994  79
                6060 5.999999999999995  78
                6070 5.899999999999995  76
                6080 5.799999999999995  75
                6090 5.699999999999996  74
                6100 5.599999999999996  72
                6110 5.499999999999996  71
                6120 5.399999999999997  70
                6130 5.299999999999997  69
                6140 5.199999999999998  67
                6150 5.099999999999998  66
                6160 4.999999999999998  65
                6170 4.899999999999999  63
                6180 4.799999999999999  62
                6190 4.699999999999999  61
                6200 4.6  60
                6210 4.5  58
                6220 4.4  57
                6230 4.300000000000001  56
                6240 4.200000000000001  55
                6250 4.100000000000001  53
                6260 4.000000000000002  52
                6270 3.900000000000002  51
                6280 3.800000000000002  49
                6290 3.700000000000002  48
                6300 3.600000000000001  47
                6310 3.500000000000001  46
                6320 3.400000000000001  44
                6330 3.300000000000001  43
                6340 3.200000000000001  42
                6350 3.100000000000001  40
                6360 3.000000000000001  39
                6370 2.900000000000001  38
                6380 2.800000000000001  37
                6390 2.700000000000001  35
                6400 2.600000000000001  34
                6410 2.5  33
                6420 2.4  32
                6430 2.3  30
                6440 2.2  29
                6450 2.1  28
                6460 2  26
                6470 1.9  25
                6480 1.8  24
                6490 1.7  23
                6500 1.6  21
                6510 1.5  20
                6520 1.399999999999999  19
                6530 1.299999999999999  17
                6540 1.199999999999999  16
                6550 1.099999999999999  15
                6560 0.9999999999999992  14
                6570 0.8999999999999992  12
                6580 0.7999999999999993  11
                6590 0.6999999999999993  10
                6600 0.5999999999999993   8
                6610 0.4999999999999993   7
                6620 0.3999999999999994   6
                6630 0.2999999999999994   5
                6640 0.1999999999999994   3
                6650 0.09999999999999937   2
                6660 -6.38378239159465e-16   1
                6670 -0.1000000000000006   0
                6680 -0.2000000000000006 255
                6690 -0.3000000000000007 254
                6700 -0.4000000000000007 253
                6710 -0.5000000000000007 251
                6720 -0.6000000000000006 250
                6730 -0.7000000000000006 249
                6740 -0.8000000000000006 248
                6750 -0.9000000000000006 246
                6760 -1.000000000000001 245
                6770 -1.100000000000001 244
                6780 -1.200000000000001 242
                6790 -1.300000000000001 241
                6800 -1.400000000000001 240
                6810 -1.500000000000001 239
                6820 -1.600000000000001 237
                6830 -1.700000000000001 236
                6840 -1.800000000000001 235
                6850 -1.900000000000001 233
                6860 -2.000000000000001 232
                6870 -2.100000000000001 231
                6880 -2.200000000000002 230
                6890 -2.300000000000002 228
                6900 -2.400000000000002 227
                6910 -2.500000000000002 226
                6920 -2.600000000000002 224
                6930 -2.700000000000002 223
                6940 -2.800000000000002 222
                6950 -2.900000000000002 221
                6960 -3.000000000000002 219
                6970 -3.100000000000002 218
                6980 -3.200000000000002 217
                6990 -3.300000000000002 216
                7000 -3.400000000000003 214
                7010 -3.500000000000003 213
                7020 -3.600000000000003 212
                7030 -3.700000000000003 210
                7040 -3.800000000000003 209
                7050 -3.900000000000003 208
                7060 -4.000000000000003 207
                7070 -4.100000000000002 205
                7080 -4.200000000000002 204
                7090 -4.300000000000002 203
                7100 -4.400000000000001 201
                7110 -4.500000000000001 200
                7120 -4.600000000000001 199
                7130 -4.7 198
                7140 -4.8 196
                7150 -4.899999999999999 195
                7160 -4.999999999999999 194
                7170 -5.099999999999999 193
                7180 -5.199999999999998 191
                7190 -5.299999999999998 190
                7200 -5.399999999999998 189
                7210 -5.499999999999997 187
                7220 -5.599999999999997 186
                7230 -5.699999999999997 185
                7240 -5.799999999999996 184
                7250 -5.899999999999996 182
                7260 -5.999999999999996 181
                7270 -6.099999999999995 180
                7280 -6.199999999999995 178
                7290 -6.299999999999994 177
                7300 -6.399999999999994 176
                7310 -6.499999999999994 175
                7320 -6.599999999999993 173
                7330 -6.699999999999993 172
                7340 -6.799999999999993 171
                7350 -6.899999999999992 169
                7360 -6.999999999999992 168
                7370 -7.099999999999992 167
                7380 -7.199999999999991 166
                7390 -7.299999999999991 164
                7400 -7.399999999999991 163
                7410 -7.49999999999999 162
                7420 -7.59999999999999 161
                7430 -7.69999999999999 159
                7440 -7.799999999999989 158
                7450 -7.899999999999989 157
                7460 -7.999999999999988 155
                7470 -8.099999999999989 154
                7480 -8.199999999999989 153
                7490 -8.299999999999988 152
                7500 -8.399999999999988 150
                7510 -8.499999999999988 149
                7520 -8.599999999999987 148
                7530 -8.699999999999987 146
                7540 -8.799999999999986 145
                7550 -8.899999999999986 144
                7560 -8.999999999999986 143
                7570 -9.099999999999985 141
                7580 -9.199999999999985 140
                7590 -9.299999999999985 139
                7600 -9.399999999999984 137
                7610 -9.499999999999984 136
                7620 -9.599999999999984 135
                7630 -9.699999999999983 134
                7640 -9.799999999999983 132
                7650 -9.899999999999983 131
                7660 -9.999999999999982 130
                7670 -10.09999999999998 129
                7680 -10.19999999999998 129
                7690 -10.29999999999998 129
                7700 -10.39999999999998 129
                7710 -10.49999999999998 129
                7720 -10.59999999999998 129
                7730 -10.69999999999998 129
                7740 -10.79999999999998 129
                7750 -10.89999999999998 129
                7760 -10.99999999999998 129
                7770 -11.09999999999998 129
                7780 -10.99999999999998 129
                7790 -10.89999999999998 129
                7800 -10.79999999999998 129
                7810 -10.69999999999998 129
                7820 -10.59999999999998 129
                7830 -10.49999999999998 129
                7840 -10.39999999999998 129
                7850 -10.29999999999998 129
                7860 -10.19999999999998 129
                7870 -10.09999999999998 129
                7880 -9.999999999999982 129
                7890 -9.899999999999983 129
                7900 -9.799999999999983 130
                7910 -9.699999999999983 131
                7920 -9.599999999999984 132
                7930 -9.499999999999984 134
                7940 -9.399999999999984 135
                7950 -9.299999999999985 136
                7960 -9.199999999999985 137
                7970 -9.099999999999985 139
                7980 -8.999999999999986 140
                7990 -8.899999999999986 141
                8000 -8.799999999999986 143
                8010 -8.699999999999987 144
                8020 -8.599999999999987 145
                8030 -8.499999999999988 146
                8040 -8.399999999999988 148
                8050 -8.299999999999988 149
                8060 -8.199999999999989 150
                8070 -8.099999999999989 152
                8080 -7.999999999999989 153
                8090 -7.89999999999999 154
                8100 -7.79999999999999 155
                8110 -7.69999999999999 157
                8120 -7.599999999999991 158
                8130 -7.499999999999991 159
                8140 -7.399999999999991 161
                8150 -7.299999999999992 162
                8160 -7.199999999999992 163
                8170 -7.099999999999993 164
                8180 -6.999999999999993 166
                8190 -6.899999999999993 167
                8200 -6.799999999999994 168
                8210 -6.699999999999994 169
                8220 -6.599999999999994 171
                8230 -6.499999999999995 172
                8240 -6.399999999999995 173
                8250 -6.299999999999995 175
                8260 -6.199999999999996 176
                8270 -6.099999999999996 177
                8280 -5.999999999999996 178
                8290 -5.899999999999997 180
                8300 -5.799999999999997 181
                8310 -5.699999999999998 182
                8320 -5.599999999999998 184
                8330 -5.499999999999998 185
                8340 -5.399999999999999 186
                8350 -5.299999999999999 187
                8360 -5.199999999999999 189
                8370 -5.1 190
                8380 -5 191
                8390 -4.9 192
                8400 -4.800000000000001 194
                8410 -4.700000000000001 195
                8420 -4.600000000000001 196
                8430 -4.500000000000002 198
                8440 -4.400000000000002 199
                8450 -4.300000000000002 200
                8460 -4.200000000000003 201
                8470 -4.100000000000003 203
                8480 -4.000000000000004 204
                8490 -3.900000000000003 205
                8500 -3.800000000000003 207
                8510 -3.700000000000003 208
                8520 -3.600000000000003 209
                8530 -3.500000000000003 210
                8540 -3.400000000000003 212
                8550 -3.300000000000003 213
                8560 -3.200000000000003 214
                8570 -3.100000000000003 216
                8580 -3.000000000000003 217
                8590 -2.900000000000003 218
                8600 -2.800000000000002 219
                8610 -2.700000000000002 221
                8620 -2.600000000000002 222
                8630 -2.500000000000002 223
                8640 -2.400000000000002 224
                8650 -2.300000000000002 226
                8660 -2.200000000000002 227
                8670 -2.100000000000002 228
                8680 -2.000000000000002 230
                8690 -1.900000000000002 231
                8700 -1.800000000000002 232
                8710 -1.700000000000002 233
                8720 -1.600000000000001 235
                8730 -1.500000000000001 236
                8740 -1.400000000000001 237
                8750 -1.300000000000001 239
                8760 -1.200000000000001 240
                8770 -1.100000000000001 241
                8780 -1.000000000000001 242
                8790 -0.9000000000000009 244
                8800 -0.8000000000000009 245
                8810 -0.700000000000001 246
                8820 -0.600000000000001 248
                8830 -0.500000000000001 249
                8840 -0.400000000000001 250
                8850 -0.300000000000001 251
                8860 -0.200000000000001 253
                8870 -0.100000000000001 254
                8880 -1.02695629777827e-15 255
                8890 0.09999999999999898   0
                8900 0.199999999999999   1
                8910 0.299999999999999   2
                8920 0.399999999999999   3
                8930 0.499999999999999   5
                8940 0.599999999999999   6
                8950 0.699999999999999   7
                8960 0.7999999999999989   8
                8970 0.8999999999999989  10
                8980 0.9999999999999989  11
                8990 1.099999999999999  12
                9000 1.199999999999999  14
                9010 1.299999999999999  15
                9020 1.399999999999999  16
                9030 1.499999999999999  17
                9040 1.599999999999999  19
                9050 1.7  20
                9060 1.8  21
                9070 1.9  23
                9080 2  24
                9090 2.1  25
                9100 2.2  26
                9110 2.3  28
                9120 2.4  29
                9130 2.5  30
                9140 2.6  32
                9150 2.7  33
                9160 2.8  34
                9170 2.9  35
                9180 3  37
                9190 3.100000000000001  38
                9200 3.200000000000001  39
                9210 3.300000000000001  40
                9220 3.400000000000001  42
                9230 3.500000000000001  43
                9240 3.600000000000001  44
                9250 3.700000000000001  46
                9260 3.800000000000001  47
                9270 3.900000000000001  48
                9280 4.000000000000001  49
                9290 4.100000000000001  51
                9300 4.2  52
                9310 4.3  53
                9320 4.399999999999999  55
                9330 4.499999999999999  56
                9340 4.599999999999999  57
                9350 4.699999999999998  58
                9360 4.799999999999998  60
                9370 4.899999999999998  61
                9380 4.999999999999997  62
                9390 5.099999999999997  63
                9400 5.199999999999997  65
                9410 5.299999999999996  66
                9420 5.399999999999996  67
                9430 5.499999999999996  69
                9440 5.599999999999995  70
                9450 5.699999999999995  71
                9460 5.799999999999994  72
                9470 5.899999999999994  74
                9480 5.999999999999994  75
                9490 6.099999999999993  76
                9500 6.199999999999993  78
                9510 6.299999999999993  79
                9520 6.399999999999992  80
                9530 6.499999999999992  81
                9540 6.599999999999992  83
                9550 6.699999999999991  84
                9560 6.799999999999991  85
                9570 6.899999999999991  87
                9580 6.99999999999999  88
                9590 7.09999999999999  89
                9600 7.19999999999999  90
                9610 7.299999999999989  92
                9620 7.399999999999989  93
                9630 7.499999999999988  94
                9640 7.599999999999988  95
                9650 7.699999999999988  97
                9660 7.799999999999987  98
                9670 7.899999999999987  99
                9680 7.999999999999987 101
                9690 8.099999999999987 102
                9700 8.199999999999987 103
                9710 8.299999999999986 104
                9720 8.399999999999986 106
                9730 8.499999999999986 107
                9740 8.599999999999985 108
                9750 8.699999999999985 110
                9760 8.799999999999985 111
                9770 8.899999999999984 112
                9780 8.999999999999984 113
                9790 9.099999999999984 115
                9800 9.199999999999983 116
                9810 9.299999999999983 117
                9820 9.399999999999983 119
                9830 9.499999999999982 120
                9840 9.599999999999982 121
                9850 9.699999999999982 122
                9860 9.799999999999981 124
                9870 9.899999999999981 125
                9880 9.99999999999998 126
                9890 10.09999999999998 127
                9900 10.19999999999998 127
                9910 10.29999999999998 127
                9920 10.39999999999998 127
                9930 10.49999999999998 127
                9940 10.59999999999998 127
                9950 10.69999999999998 127
                9960 10.79999999999998 127
                9970 10.89999999999998 127
                9980 10.99999999999998 127
                9990 11.09999999999998 127
Simulation stopped via $stop(1) at time 10 US + 0
ncsim> ^C
ncsim> exit
...Regained control from SimVision
-------------------------------------
TOOL:	irun(64)	15.20-s069: Exiting on Jan 19, 2021 at 18:21:34 IST  (total: 00:03:02)
