============================================================
  Generated by:           Genus(TM) Synthesis Solution 18.10-p003_1
  Generated on:           Mar 02 2021  04:56:32 pm
  Module:                 ADC_SAR1
  Operating conditions:   slow (balanced_tree)
  Wireload mode:          enclosed
  Area mode:              timing library
============================================================


Path 1: MET (66 ps) Late External Delay Assertion at pin sample
          Group: VCLK
     Startpoint: (R) state_reg[1]/CK
          Clock: (R) clk
       Endpoint: (R) sample
          Clock: (R) VCLK

                     Capture       Launch     
        Clock Edge:+     900            0     
       Src Latency:+       0            0     
       Net Latency:+       0 (I)        0 (I) 
           Arrival:=     900            0     
                                              
      Output Delay:-     112                  
     Required Time:=     788                  
      Launch Clock:-       0                  
         Data Path:-     722                  
             Slack:=      66                  

Exceptions/Constraints:
  output_delay             112             test.sdc_line_17_11_1 

#----------------------------------------------------------------------------------------
#  Timing Point   Flags   Arc   Edge   Cell     Fanout Load Trans Delay Arrival Instance 
#                                                      (fF)  (ps)  (ps)   (ps)  Location 
#----------------------------------------------------------------------------------------
  state_reg[1]/CK -       -     R     (arrival)     26    -     0     -       0    (-,-) 
  state_reg[1]/Q  -       CK->Q F     DFFQX4        13 42.8    99   385     385    (-,-) 
  fopt13576/Y     -       A->Y  R     INVX1          3  6.5    73    81     466    (-,-) 
  g13524__1857/Y  -       B->Y  R     CLKAND2X2      1 50.0   222   256     722    (-,-) 
  sample          -       -     R     (port)         -    -     -     0     722    (-,-) 
#----------------------------------------------------------------------------------------

