============================================================
  Generated by:           Genus(TM) Synthesis Solution 18.10-p003_1
  Generated on:           Mar 02 2021  04:56:36 pm
  Module:                 ADC_SAR1
  Operating conditions:   slow (balanced_tree)
  Wireload mode:          enclosed
  Area mode:              timing library
============================================================


Path 1: MET (19 ps) Late External Delay Assertion at pin sample
          Group: VCLK
     Startpoint: (R) state_reg[0]/CK
          Clock: (R) clk
       Endpoint: (F) sample
          Clock: (R) VCLK

                     Capture       Launch     
        Clock Edge:+     900            0     
       Src Latency:+       0            0     
       Net Latency:+       0 (I)        0 (I) 
           Arrival:=     900            0     
                                              
      Output Delay:-     112                  
     Required Time:=     788                  
      Launch Clock:-       0                  
         Data Path:-     769                  
             Slack:=      19                  

Exceptions/Constraints:
  output_delay             112             test.sdc_line_17_11_1 

#----------------------------------------------------------------------------------------
#  Timing Point   Flags   Arc   Edge   Cell     Fanout Load Trans Delay Arrival Instance 
#                                                      (fF)  (ps)  (ps)   (ps)  Location 
#----------------------------------------------------------------------------------------
  state_reg[0]/CK -       -     R     (arrival)     26    -     0     -       0    (-,-) 
  state_reg[0]/Q  -       CK->Q F     DFFQX4         9 33.4    84   372     372    (-,-) 
  fopt13579/Y     -       A->Y  R     CLKINVX1       2  4.3    54    64     436    (-,-) 
  fopt13583/Y     -       A->Y  F     INVXL          2  5.1    72    69     505    (-,-) 
  g13524__1857/Y  -       A->Y  F     CLKAND2X2      1 50.0   193   264     769    (-,-) 
  sample          -       -     F     (port)         -    -     -     0     769    (-,-) 
#----------------------------------------------------------------------------------------

