============================================================
  Generated by:           Genus(TM) Synthesis Solution 18.10-p003_1
  Generated on:           Mar 02 2021  04:56:35 pm
  Module:                 ADC_SAR1
  Operating conditions:   slow (balanced_tree)
  Wireload mode:          enclosed
  Area mode:              timing library
============================================================


Path 1: MET (1 ps) Setup Check with Pin temp_reg[5]/CK->D
          Group: clk
     Startpoint: (R) state_reg[0]/CK
          Clock: (R) clk
       Endpoint: (R) temp_reg[5]/D
          Clock: (R) clk

                     Capture       Launch     
        Clock Edge:+     900            0     
       Src Latency:+       0            0     
       Net Latency:+       0 (I)        0 (I) 
           Arrival:=     900            0     
                                              
             Setup:-     138                  
       Uncertainty:-      28                  
     Required Time:=     734                  
      Launch Clock:-       0                  
         Data Path:-     734                  
             Slack:=       1                  

#----------------------------------------------------------------------------------------
#  Timing Point   Flags   Arc   Edge   Cell     Fanout Load Trans Delay Arrival Instance 
#                                                      (fF)  (ps)  (ps)   (ps)  Location 
#----------------------------------------------------------------------------------------
  state_reg[0]/CK -       -     R     (arrival)     26    -     0     -       0    (-,-) 
  state_reg[0]/Q  -       CK->Q F     DFFQX4         9 33.4    84   372     372    (-,-) 
  fopt13582/Y     -       A->Y  R     CLKINVX2       1  5.2    43    50     422    (-,-) 
  fopt13580/Y     -       A->Y  F     CLKINVX2       4 11.2    46    48     470    (-,-) 
  g13504__2703/Y  -       A2->Y R     OAI32X1        1  2.8   186   140     610    (-,-) 
  g13471__4547/Y  -       B0->Y F     AOI31X1        1  2.8   126    59     669    (-,-) 
  g13465__7675/Y  -       B0->Y R     OAI21X1        1  2.2    81    65     734    (-,-) 
  temp_reg[5]/D   -       -     R     DFFHQX1        1    -     -     0     734    (-,-) 
#----------------------------------------------------------------------------------------

