============================================================
  Generated by:           Genus(TM) Synthesis Solution 18.10-p003_1
  Generated on:           Mar 02 2021  04:56:36 pm
  Module:                 ADC_SAR1
  Operating conditions:   slow (balanced_tree)
  Wireload mode:          enclosed
  Area mode:              timing library
============================================================

                                Leakage  
   Gate    Instances   Area   Power (nW) Library 
-------------------------------------------------
AO21X1             1    6.812     42.638    slow 
AOI21X1            1    4.541     18.148    slow 
AOI31X1            5   30.276     89.442    slow 
CLKAND2X2          2   10.597     89.995    slow 
CLKAND2X3          1    9.083     80.780    slow 
CLKAND2X6          1   15.138    161.392    slow 
CLKBUFX2           1    4.541     41.291    slow 
CLKINVX1           8   18.166    104.119    slow 
CLKINVX2           4   15.138    103.952    slow 
DFFHQX1           13  216.473   1459.822    slow 
DFFQX1             1   15.895     98.885    slow 
DFFQX4             7  137.756   1248.590    slow 
DFFX2              2   40.873    352.306    slow 
EDFFX2             1   25.735    210.750    slow 
EDFFX4             2   60.552    586.810    slow 
INVX1              1    2.271     13.015    slow 
INVX2              2    7.569     51.976    slow 
INVXL              9   20.436     78.812    slow 
NAND2X1            1    3.784     14.026    slow 
NAND2X2            3   18.166     84.052    slow 
NAND2XL           16   48.442    148.630    slow 
NOR2BX2            1    6.812     38.380    slow 
NOR2X1             1    3.784     18.158    slow 
OAI21X1            8   36.331    103.881    slow 
OAI21XL           14   63.580    122.197    slow 
OAI32X1            4   27.248     71.489    slow 
OAI32XL            1    6.812     12.162    slow 
OR2X1              8   36.331    340.451    slow 
-------------------------------------------------
total            119  893.142   5786.149         


                                          Leakage  Leakage 
     Type      Instances   Area  Area % Power (nW) Power % 
-----------------------------------------------------------
sequential            26 497.283   55.7   3957.163    68.4 
inverter              24  63.580    7.1    351.874     6.1 
buffer                 1   4.541    0.5     41.291     0.7 
logic                 68 327.738   36.7   1435.822    24.8 
physical_cells         0   0.000    0.0      0.000     0.0 
-----------------------------------------------------------
total                119 893.142  100.0   5786.149   100.0 

