============================================================
  Generated by:           Genus(TM) Synthesis Solution 18.10-p003_1
  Generated on:           Mar 08 2021  09:29:05 am
  Module:                 ADC_SAR1
  Operating conditions:   fast (balanced_tree)
  Wireload mode:          enclosed
  Area mode:              timing library
============================================================

Timing
--------

Clock Period 
-------------
clk    900.0 
VCLK   900.0 


  Cost    Critical         Violating 
 Group   Path Slack  TNS     Paths   
-------------------------------------
clk           493.4   0.0          0 
default    No paths   0.0            
VCLK          579.7   0.0          0 
-------------------------------------
Total                 0.0          0 

Instance Count
--------------
Leaf Instance Count             96 
Physical Instance count          0 
Sequential Instance Count       26 
Combinational Instance Count    70 
Hierarchical Instance Count      0 

Area
----
Cell Area                          1216.856
Physical Cell Area                 0.000
Total Cell Area (Cell+Physical)    1216.856
Net Area                           0.000
Total Area (Cell+Physical+Net)     1216.856

Runtime                            0.0 seconds
Elapsed Runtime                    14 seconds
Genus peak memory usage            711.90 
Innovus peak memory usage          no_value 
Hostname                           localhost
