============================================================
  Generated by:           Genus(TM) Synthesis Solution 18.10-p003_1
  Generated on:           Mar 08 2021  09:29:06 am
  Module:                 ADC_SAR1
  Operating conditions:   fast (balanced_tree)
  Wireload mode:          enclosed
  Area mode:              timing library
============================================================

Timing
--------

Clock Period 
-------------
clk    900.0 
VCLK   900.0 


  Cost    Critical         Violating 
 Group   Path Slack  TNS     Paths   
-------------------------------------
clk           325.4   0.0          0 
default    No paths   0.0            
VCLK          489.6   0.0          0 
-------------------------------------
Total                 0.0          0 

Instance Count
--------------
Leaf Instance Count             64 
Physical Instance count          0 
Sequential Instance Count       26 
Combinational Instance Count    38 
Hierarchical Instance Count      0 

Area
----
Cell Area                          651.691
Physical Cell Area                 0.000
Total Cell Area (Cell+Physical)    651.691
Net Area                           0.000
Total Area (Cell+Physical+Net)     651.691

Runtime                            0.0 seconds
Elapsed Runtime                    15 seconds
Genus peak memory usage            713.54 
Innovus peak memory usage          no_value 
Hostname                           localhost
