irun(64): 15.20-s069: (c) Copyright 1995-2019 Cadence Design Systems, Inc.
TOOL:	irun(64)	15.20-s069: Started on Jan 13, 2021 at 14:41:33 IST
irun
	FlashDesignModule.v
	FlashTestbench.v
	-access rw
	+gui
		Caching library 'worklib' ....... Done
	Elaborating the design hierarchy:
	Top level design units:
		ADC_8bit_tf
	Building instance overlay tables: .................... Done
	Building instance specific data structures.
	Loading native compiled code:     .................... Done
	Design hierarchy summary:
		                 Instances  Unique
		Modules:                 2       2
		Registers:              12      12
		Vectored wires:          2       -
		Always blocks:           1       1
		Initial blocks:          2       2
		Cont. assignments:       0       1
		Pseudo assignments:      1       1
		Simulation timescale:  1ps
	Writing initial simulation snapshot: worklib.ADC_8bit_tf:v

-------------------------------------
Relinquished control to SimVision...
ncsim> 
ncsim> source /cad/INCISIVE152/tools/inca/files/ncsimrc
ncsim> database -open waves -into waves.shm -default
Created default SHM database waves
ncsim> probe -create -shm ADC_8bit_tf.analog_in ADC_8bit_tf.analog_in_real ADC_8bit_tf.digital_out
Created probe 1
ncsim> run
                   0 0   x
                  10 0.1   x
                  20 0.2   x
                  25 0.2   2
                  30 0.3   2
                  40 0.4   2
                  50 0.5   5
                  60 0.6   5
                  70 0.7   5
                  75 0.7   8
                  80 0.7999999999999999   8
                  90 0.8999999999999999   8
                 100 0.9999999999999999  11
                 110 1.1  11
                 120 1.2  11
                 125 1.2  15
                 130 1.3  15
                 140 1.4  15
                 150 1.5  17
                 160 1.6  17
                 170 1.7  17
                 175 1.7  21
                 180 1.8  21
                 190 1.900000000000001  21
                 200 2  24
                 210 2.100000000000001  24
                 220 2.200000000000001  24
                 225 2.200000000000001  28
                 230 2.300000000000001  28
                 240 2.400000000000001  28
                 250 2.500000000000001  30
                 260 2.600000000000001  30
                 270 2.700000000000001  30
                 275 2.700000000000001  34
                 280 2.800000000000001  34
                 290 2.900000000000001  34
                 300 3.000000000000001  37
                 310 3.100000000000001  37
                 320 3.200000000000002  37
                 325 3.200000000000002  40
                 330 3.300000000000002  40
                 340 3.400000000000002  40
                 350 3.500000000000002  43
                 360 3.600000000000002  43
                 370 3.700000000000002  43
                 375 3.700000000000002  47
                 380 3.800000000000002  47
                 390 3.900000000000002  47
                 400 4.000000000000002  49
                 410 4.100000000000001  49
                 420 4.200000000000001  49
                 425 4.200000000000001  53
                 430 4.300000000000001  53
                 440 4.4  53
                 450 4.5  56
                 460 4.6  56
                 470 4.699999999999999  56
                 475 4.699999999999999  60
                 480 4.799999999999999  60
                 490 4.899999999999999  60
                 500 4.999999999999998  62
                 510 5.099999999999998  62
                 520 5.199999999999998  62
                 525 5.199999999999998  66
                 530 5.299999999999997  66
                 540 5.399999999999997  66
                 550 5.499999999999996  69
                 560 5.599999999999996  69
                 570 5.699999999999996  69
                 575 5.699999999999996  72
                 580 5.799999999999995  72
                 590 5.899999999999995  72
                 600 5.999999999999995  75
                 610 6.099999999999994  75
                 620 6.199999999999994  75
                 625 6.199999999999994  79
                 630 6.299999999999994  79
                 640 6.399999999999993  79
                 650 6.499999999999993  81
                 660 6.599999999999993  81
                 670 6.699999999999992  81
                 675 6.699999999999992  85
                 680 6.799999999999992  85
                 690 6.899999999999991  85
                 700 6.999999999999991  88
                 710 7.099999999999991  88
                 720 7.19999999999999  88
                 725 7.19999999999999  92
                 730 7.29999999999999  92
                 740 7.39999999999999  92
                 750 7.499999999999989  94
                 760 7.599999999999989  94
                 770 7.699999999999989  94
                 775 7.699999999999989  98
                 780 7.799999999999988  98
                 790 7.899999999999988  98
                 800 7.999999999999988 101
                 810 8.099999999999987 101
                 820 8.199999999999987 101
                 825 8.199999999999987 104
                 830 8.299999999999986 104
                 840 8.399999999999986 104
                 850 8.499999999999986 107
                 860 8.599999999999985 107
                 870 8.699999999999985 107
                 875 8.699999999999985 111
                 880 8.799999999999985 111
                 890 8.899999999999984 111
                 900 8.999999999999984 113
                 910 9.099999999999984 113
                 920 9.199999999999983 113
                 925 9.199999999999983 117
                 930 9.299999999999983 117
                 940 9.399999999999983 117
                 950 9.499999999999982 120
                 960 9.599999999999982 120
                 970 9.699999999999982 120
                 975 9.699999999999982 124
                 980 9.799999999999981 124
                 990 9.899999999999981 124
                1000 9.99999999999998 126
                1010 10.09999999999998 126
                1020 10.19999999999998 126
                1025 10.19999999999998 127
                1030 10.29999999999998 127
                1040 10.39999999999998 127
                1050 10.49999999999998 127
                1060 10.59999999999998 127
                1070 10.69999999999998 127
                1080 10.79999999999998 127
                1090 10.89999999999998 127
                1100 10.99999999999998 127
                1110 11.09999999999998 127
                1120 10.99999999999998 127
                1130 10.89999999999998 127
                1140 10.79999999999998 127
                1150 10.69999999999998 127
                1160 10.59999999999998 127
                1170 10.49999999999998 127
                1180 10.39999999999998 127
                1190 10.29999999999998 127
                1200 10.19999999999998 127
                1210 10.09999999999998 127
                1220 9.99999999999998 127
                1230 9.899999999999981 127
                1240 9.799999999999981 127
                1250 9.699999999999982 125
                1260 9.599999999999982 125
                1270 9.499999999999982 125
                1275 9.499999999999982 121
                1280 9.399999999999983 121
                1290 9.299999999999983 121
                1300 9.199999999999983 119
                1310 9.099999999999984 119
                1320 8.999999999999984 119
                1325 8.999999999999984 115
                1330 8.899999999999984 115
                1340 8.799999999999985 115
                1350 8.699999999999985 112
                1360 8.599999999999985 112
                1370 8.499999999999986 112
                1375 8.499999999999986 108
                1380 8.399999999999986 108
                1390 8.299999999999986 108
                1400 8.199999999999987 106
                1410 8.099999999999987 106
                1420 7.999999999999988 106
                1425 7.999999999999988 102
                1430 7.899999999999988 102
                1440 7.799999999999988 102
                1450 7.699999999999989  99
                1460 7.599999999999989  99
                1470 7.499999999999989  99
                1475 7.499999999999989  95
                1480 7.39999999999999  95
                1490 7.29999999999999  95
                1500 7.19999999999999  93
                1510 7.099999999999991  93
                1520 6.999999999999991  93
                1525 6.999999999999991  89
                1530 6.899999999999991  89
                1540 6.799999999999992  89
                1550 6.699999999999992  87
                1560 6.599999999999993  87
                1570 6.499999999999993  87
                1575 6.499999999999993  83
                1580 6.399999999999993  83
                1590 6.299999999999994  83
                1600 6.199999999999994  80
                1610 6.099999999999994  80
                1620 5.999999999999995  80
                1625 5.999999999999995  76
                1630 5.899999999999995  76
                1640 5.799999999999995  76
                1650 5.699999999999996  74
                1660 5.599999999999996  74
                1670 5.499999999999996  74
                1675 5.499999999999996  70
                1680 5.399999999999997  70
                1690 5.299999999999997  70
                1700 5.199999999999998  67
                1710 5.099999999999998  67
                1720 4.999999999999998  67
                1725 4.999999999999998  63
                1730 4.899999999999999  63
                1740 4.799999999999999  63
                1750 4.699999999999999  61
                1760 4.6  61
                1770 4.5  61
                1775 4.5  57
                1780 4.4  57
                1790 4.300000000000001  57
                1800 4.200000000000001  55
                1810 4.100000000000001  55
                1820 4.000000000000002  55
                1825 4.000000000000002  51
                1830 3.900000000000002  51
                1840 3.800000000000002  51
                1850 3.700000000000002  48
                1860 3.600000000000001  48
                1870 3.500000000000001  48
                1875 3.500000000000001  44
                1880 3.400000000000001  44
                1890 3.300000000000001  44
                1900 3.200000000000001  42
                1910 3.100000000000001  42
                1920 3.000000000000001  42
                1925 3.000000000000001  38
                1930 2.900000000000001  38
                1940 2.800000000000001  38
                1950 2.700000000000001  35
                1960 2.600000000000001  35
                1970 2.5  35
                1975 2.5  32
                1980 2.4  32
                1990 2.3  32
                2000 2.2  29
                2010 2.1  29
                2020 2  29
                2025 2  25
                2030 1.9  25
                2040 1.8  25
                2050 1.7  23
                2060 1.6  23
                2070 1.5  23
                2075 1.5  19
                2080 1.399999999999999  19
                2090 1.299999999999999  19
                2100 1.199999999999999  16
                2110 1.099999999999999  16
                2120 0.9999999999999992  16
                2125 0.9999999999999992  12
                2130 0.8999999999999992  12
                2140 0.7999999999999993  12
                2150 0.6999999999999993  10
                2160 0.5999999999999993  10
                2170 0.4999999999999993  10
                2175 0.4999999999999993   6
                2180 0.3999999999999994   6
                2190 0.2999999999999994   6
                2200 0.1999999999999994   3
                2210 0.09999999999999937   3
                2220 -6.38378239159465e-16   3
                2225 -6.38378239159465e-16   0
                2230 -0.1000000000000006   0
                2240 -0.2000000000000006   0
                2250 -0.3000000000000007 254
                2260 -0.4000000000000007 254
                2270 -0.5000000000000007 254
                2275 -0.5000000000000007 250
                2280 -0.6000000000000006 250
                2290 -0.7000000000000006 250
                2300 -0.8000000000000006 248
                2310 -0.9000000000000006 248
                2320 -1.000000000000001 248
                2325 -1.000000000000001 244
                2330 -1.100000000000001 244
                2340 -1.200000000000001 244
                2350 -1.300000000000001 241
                2360 -1.400000000000001 241
                2370 -1.500000000000001 241
                2375 -1.500000000000001 237
                2380 -1.600000000000001 237
                2390 -1.700000000000001 237
                2400 -1.800000000000001 235
                2410 -1.900000000000001 235
                2420 -2.000000000000001 235
                2425 -2.000000000000001 231
                2430 -2.100000000000001 231
                2440 -2.200000000000002 231
                2450 -2.300000000000002 228
                2460 -2.400000000000002 228
                2470 -2.500000000000002 228
                2475 -2.500000000000002 224
                2480 -2.600000000000002 224
                2490 -2.700000000000002 224
                2500 -2.800000000000002 222
                2510 -2.900000000000002 222
                2520 -3.000000000000002 222
                2525 -3.000000000000002 218
                2530 -3.100000000000002 218
                2540 -3.200000000000002 218
                2550 -3.300000000000002 216
                2560 -3.400000000000003 216
                2570 -3.500000000000003 216
                2575 -3.500000000000003 212
                2580 -3.600000000000003 212
                2590 -3.700000000000003 212
                2600 -3.800000000000003 209
                2610 -3.900000000000003 209
                2620 -4.000000000000003 209
                2625 -4.000000000000003 205
                2630 -4.100000000000002 205
                2640 -4.200000000000002 205
                2650 -4.300000000000002 203
                2660 -4.400000000000001 203
                2670 -4.500000000000001 203
                2675 -4.500000000000001 199
                2680 -4.600000000000001 199
                2690 -4.7 199
                2700 -4.8 196
                2710 -4.899999999999999 196
                2720 -4.999999999999999 196
                2725 -4.999999999999999 193
                2730 -5.099999999999999 193
                2740 -5.199999999999998 193
                2750 -5.299999999999998 190
                2760 -5.399999999999998 190
                2770 -5.499999999999997 190
                2775 -5.499999999999997 186
                2780 -5.599999999999997 186
                2790 -5.699999999999997 186
                2800 -5.799999999999996 184
                2810 -5.899999999999996 184
                2820 -5.999999999999996 184
                2825 -5.999999999999996 180
                2830 -6.099999999999995 180
                2840 -6.199999999999995 180
                2850 -6.299999999999994 177
                2860 -6.399999999999994 177
                2870 -6.499999999999994 177
                2875 -6.499999999999994 173
                2880 -6.599999999999993 173
                2890 -6.699999999999993 173
                2900 -6.799999999999993 171
                2910 -6.899999999999992 171
                2920 -6.999999999999992 171
                2925 -6.999999999999992 167
                2930 -7.099999999999992 167
                2940 -7.199999999999991 167
                2950 -7.299999999999991 164
                2960 -7.399999999999991 164
                2970 -7.49999999999999 164
                2975 -7.49999999999999 161
                2980 -7.59999999999999 161
                2990 -7.69999999999999 161
                3000 -7.799999999999989 158
                3010 -7.899999999999989 158
                3020 -7.999999999999988 158
                3025 -7.999999999999988 154
                3030 -8.099999999999989 154
                3040 -8.199999999999989 154
                3050 -8.299999999999988 152
                3060 -8.399999999999988 152
                3070 -8.499999999999988 152
                3075 -8.499999999999988 148
                3080 -8.599999999999987 148
                3090 -8.699999999999987 148
                3100 -8.799999999999986 145
                3110 -8.899999999999986 145
                3120 -8.999999999999986 145
                3125 -8.999999999999986 141
                3130 -9.099999999999985 141
                3140 -9.199999999999985 141
                3150 -9.299999999999985 139
                3160 -9.399999999999984 139
                3170 -9.499999999999984 139
                3175 -9.499999999999984 135
                3180 -9.599999999999984 135
                3190 -9.699999999999983 135
                3200 -9.799999999999983 132
                3210 -9.899999999999983 132
                3220 -9.999999999999982 132
                3225 -9.999999999999982 129
                3230 -10.09999999999998 129
                3240 -10.19999999999998 129
                3250 -10.29999999999998 129
                3260 -10.39999999999998 129
                3270 -10.49999999999998 129
                3280 -10.59999999999998 129
                3290 -10.69999999999998 129
                3300 -10.79999999999998 129
                3310 -10.89999999999998 129
                3320 -10.99999999999998 129
                3330 -11.09999999999998 129
                3340 -10.99999999999998 129
                3350 -10.89999999999998 129
                3360 -10.79999999999998 129
                3370 -10.69999999999998 129
                3380 -10.59999999999998 129
                3390 -10.49999999999998 129
                3400 -10.39999999999998 129
                3410 -10.29999999999998 129
                3420 -10.19999999999998 129
                3430 -10.09999999999998 129
                3440 -9.999999999999982 129
                3450 -9.899999999999983 129
                3460 -9.799999999999983 129
                3470 -9.699999999999983 129
                3475 -9.699999999999983 132
                3480 -9.599999999999984 132
                3490 -9.499999999999984 132
                3500 -9.399999999999984 135
                3510 -9.299999999999985 135
                3520 -9.199999999999985 135
                3525 -9.199999999999985 139
                3530 -9.099999999999985 139
                3540 -8.999999999999986 139
                3550 -8.899999999999986 141
                3560 -8.799999999999986 141
                3570 -8.699999999999987 141
                3575 -8.699999999999987 145
                3580 -8.599999999999987 145
                3590 -8.499999999999988 145
                3600 -8.399999999999988 148
                3610 -8.299999999999988 148
                3620 -8.199999999999989 148
                3625 -8.199999999999989 152
                3630 -8.099999999999989 152
                3640 -7.999999999999989 152
                3650 -7.89999999999999 154
                3660 -7.79999999999999 154
                3670 -7.69999999999999 154
                3675 -7.69999999999999 158
                3680 -7.599999999999991 158
                3690 -7.499999999999991 158
                3700 -7.399999999999991 161
                3710 -7.299999999999992 161
                3720 -7.199999999999992 161
                3725 -7.199999999999992 164
                3730 -7.099999999999993 164
                3740 -6.999999999999993 164
                3750 -6.899999999999993 167
                3760 -6.799999999999994 167
                3770 -6.699999999999994 167
                3775 -6.699999999999994 171
                3780 -6.599999999999994 171
                3790 -6.499999999999995 171
                3800 -6.399999999999995 173
                3810 -6.299999999999995 173
                3820 -6.199999999999996 173
                3825 -6.199999999999996 177
                3830 -6.099999999999996 177
                3840 -5.999999999999996 177
                3850 -5.899999999999997 180
                3860 -5.799999999999997 180
                3870 -5.699999999999998 180
                3875 -5.699999999999998 184
                3880 -5.599999999999998 184
                3890 -5.499999999999998 184
                3900 -5.399999999999999 186
                3910 -5.299999999999999 186
                3920 -5.199999999999999 186
                3925 -5.199999999999999 190
                3930 -5.1 190
                3940 -5 190
                3950 -4.9 192
                3960 -4.800000000000001 192
                3970 -4.700000000000001 192
                3975 -4.700000000000001 196
                3980 -4.600000000000001 196
                3990 -4.500000000000002 196
                4000 -4.400000000000002 199
                4010 -4.300000000000002 199
                4020 -4.200000000000003 199
                4025 -4.200000000000003 203
                4030 -4.100000000000003 203
                4040 -4.000000000000004 203
                4050 -3.900000000000003 205
                4060 -3.800000000000003 205
                4070 -3.700000000000003 205
                4075 -3.700000000000003 209
                4080 -3.600000000000003 209
                4090 -3.500000000000003 209
                4100 -3.400000000000003 212
                4110 -3.300000000000003 212
                4120 -3.200000000000003 212
                4125 -3.200000000000003 216
                4130 -3.100000000000003 216
                4140 -3.000000000000003 216
                4150 -2.900000000000003 218
                4160 -2.800000000000002 218
                4170 -2.700000000000002 218
                4175 -2.700000000000002 222
                4180 -2.600000000000002 222
                4190 -2.500000000000002 222
                4200 -2.400000000000002 224
                4210 -2.300000000000002 224
                4220 -2.200000000000002 224
                4225 -2.200000000000002 228
                4230 -2.100000000000002 228
                4240 -2.000000000000002 228
                4250 -1.900000000000002 231
                4260 -1.800000000000002 231
                4270 -1.700000000000002 231
                4275 -1.700000000000002 235
                4280 -1.600000000000001 235
                4290 -1.500000000000001 235
                4300 -1.400000000000001 237
                4310 -1.300000000000001 237
                4320 -1.200000000000001 237
                4325 -1.200000000000001 241
                4330 -1.100000000000001 241
                4340 -1.000000000000001 241
                4350 -0.9000000000000009 244
                4360 -0.8000000000000009 244
                4370 -0.700000000000001 244
                4375 -0.700000000000001 248
                4380 -0.600000000000001 248
                4390 -0.500000000000001 248
                4400 -0.400000000000001 250
                4410 -0.300000000000001 250
                4420 -0.200000000000001 250
                4425 -0.200000000000001 254
                4430 -0.100000000000001 254
                4440 -1.02695629777827e-15 254
                4450 0.09999999999999898   0
                4460 0.199999999999999   0
                4470 0.299999999999999   0
                4475 0.299999999999999   3
                4480 0.399999999999999   3
                4490 0.499999999999999   3
                4500 0.599999999999999   6
                4510 0.699999999999999   6
                4520 0.7999999999999989   6
                4525 0.7999999999999989  10
                4530 0.8999999999999989  10
                4540 0.9999999999999989  10
                4550 1.099999999999999  12
                4560 1.199999999999999  12
                4570 1.299999999999999  12
                4575 1.299999999999999  16
                4580 1.399999999999999  16
                4590 1.499999999999999  16
                4600 1.599999999999999  19
                4610 1.7  19
                4620 1.8  19
                4625 1.8  23
                4630 1.9  23
                4640 2  23
                4650 2.1  25
                4660 2.2  25
                4670 2.3  25
                4675 2.3  29
                4680 2.4  29
                4690 2.5  29
                4700 2.6  32
                4710 2.7  32
                4720 2.8  32
                4725 2.8  35
                4730 2.9  35
                4740 3  35
                4750 3.100000000000001  38
                4760 3.200000000000001  38
                4770 3.300000000000001  38
                4775 3.300000000000001  42
                4780 3.400000000000001  42
                4790 3.500000000000001  42
                4800 3.600000000000001  44
                4810 3.700000000000001  44
                4820 3.800000000000001  44
                4825 3.800000000000001  48
                4830 3.900000000000001  48
                4840 4.000000000000001  48
                4850 4.100000000000001  51
                4860 4.2  51
                4870 4.3  51
                4875 4.3  55
                4880 4.399999999999999  55
                4890 4.499999999999999  55
                4900 4.599999999999999  57
                4910 4.699999999999998  57
                4920 4.799999999999998  57
                4925 4.799999999999998  61
                4930 4.899999999999998  61
                4940 4.999999999999997  61
                4950 5.099999999999997  63
                4960 5.199999999999997  63
                4970 5.299999999999996  63
                4975 5.299999999999996  67
                4980 5.399999999999996  67
                4990 5.499999999999996  67
                5000 5.599999999999995  70
                5010 5.699999999999995  70
                5020 5.799999999999994  70
                5025 5.799999999999994  74
                5030 5.899999999999994  74
                5040 5.999999999999994  74
                5050 6.099999999999993  76
                5060 6.199999999999993  76
                5070 6.299999999999993  76
                5075 6.299999999999993  80
                5080 6.399999999999992  80
                5090 6.499999999999992  80
                5100 6.599999999999992  83
                5110 6.699999999999991  83
                5120 6.799999999999991  83
                5125 6.799999999999991  87
                5130 6.899999999999991  87
                5140 6.99999999999999  87
                5150 7.09999999999999  89
                5160 7.19999999999999  89
                5170 7.299999999999989  89
                5175 7.299999999999989  93
                5180 7.399999999999989  93
                5190 7.499999999999988  93
                5200 7.599999999999988  95
                5210 7.699999999999988  95
                5220 7.799999999999987  95
                5225 7.799999999999987  99
                5230 7.899999999999987  99
                5240 7.999999999999987  99
                5250 8.099999999999987 102
                5260 8.199999999999987 102
                5270 8.299999999999986 102
                5275 8.299999999999986 106
                5280 8.399999999999986 106
                5290 8.499999999999986 106
                5300 8.599999999999985 108
                5310 8.699999999999985 108
                5320 8.799999999999985 108
                5325 8.799999999999985 112
                5330 8.899999999999984 112
                5340 8.999999999999984 112
                5350 9.099999999999984 115
                5360 9.199999999999983 115
                5370 9.299999999999983 115
                5375 9.299999999999983 119
                5380 9.399999999999983 119
                5390 9.499999999999982 119
                5400 9.599999999999982 121
                5410 9.699999999999982 121
                5420 9.799999999999981 121
                5425 9.799999999999981 125
                5430 9.899999999999981 125
                5440 9.99999999999998 125
                5450 10.09999999999998 127
                5460 10.19999999999998 127
                5470 10.29999999999998 127
                5480 10.39999999999998 127
                5490 10.49999999999998 127
                5500 10.59999999999998 127
                5510 10.69999999999998 127
                5520 10.79999999999998 127
                5530 10.89999999999998 127
                5540 10.99999999999998 127
                5550 11.09999999999998 127
                5560 10.99999999999998 127
                5570 10.89999999999998 127
                5580 10.79999999999998 127
                5590 10.69999999999998 127
                5600 10.59999999999998 127
                5610 10.49999999999998 127
                5620 10.39999999999998 127
                5630 10.29999999999998 127
                5640 10.19999999999998 127
                5650 10.09999999999998 127
                5660 9.99999999999998 127
                5670 9.899999999999981 127
                5675 9.899999999999981 126
                5680 9.799999999999981 126
                5690 9.699999999999982 126
                5700 9.599999999999982 124
                5710 9.499999999999982 124
                5720 9.399999999999983 124
                5725 9.399999999999983 120
                5730 9.299999999999983 120
                5740 9.199999999999983 120
                5750 9.099999999999984 117
                5760 8.999999999999984 117
                5770 8.899999999999984 117
                5775 8.899999999999984 113
                5780 8.799999999999985 113
                5790 8.699999999999985 113
                5800 8.599999999999985 111
                5810 8.499999999999986 111
                5820 8.399999999999986 111
                5825 8.399999999999986 107
                5830 8.299999999999986 107
                5840 8.199999999999987 107
                5850 8.099999999999987 104
                5860 7.999999999999988 104
                5870 7.899999999999988 104
                5875 7.899999999999988 101
                5880 7.799999999999988 101
                5890 7.699999999999989 101
                5900 7.599999999999989  98
                5910 7.499999999999989  98
                5920 7.39999999999999  98
                5925 7.39999999999999  94
                5930 7.29999999999999  94
                5940 7.19999999999999  94
                5950 7.099999999999991  92
                5960 6.999999999999991  92
                5970 6.899999999999991  92
                5975 6.899999999999991  88
                5980 6.799999999999992  88
                5990 6.699999999999992  88
                6000 6.599999999999993  85
                6010 6.499999999999993  85
                6020 6.399999999999993  85
                6025 6.399999999999993  81
                6030 6.299999999999994  81
                6040 6.199999999999994  81
                6050 6.099999999999994  79
                6060 5.999999999999995  79
                6070 5.899999999999995  79
                6075 5.899999999999995  75
                6080 5.799999999999995  75
                6090 5.699999999999996  75
                6100 5.599999999999996  72
                6110 5.499999999999996  72
                6120 5.399999999999997  72
                6125 5.399999999999997  69
                6130 5.299999999999997  69
                6140 5.199999999999998  69
                6150 5.099999999999998  66
                6160 4.999999999999998  66
                6170 4.899999999999999  66
                6175 4.899999999999999  62
                6180 4.799999999999999  62
                6190 4.699999999999999  62
                6200 4.6  60
                6210 4.5  60
                6220 4.4  60
                6225 4.4  56
                6230 4.300000000000001  56
                6240 4.200000000000001  56
                6250 4.100000000000001  53
                6260 4.000000000000002  53
                6270 3.900000000000002  53
                6275 3.900000000000002  49
                6280 3.800000000000002  49
                6290 3.700000000000002  49
                6300 3.600000000000001  47
                6310 3.500000000000001  47
                6320 3.400000000000001  47
                6325 3.400000000000001  43
                6330 3.300000000000001  43
                6340 3.200000000000001  43
                6350 3.100000000000001  40
                6360 3.000000000000001  40
                6370 2.900000000000001  40
                6375 2.900000000000001  37
                6380 2.800000000000001  37
                6390 2.700000000000001  37
                6400 2.600000000000001  34
                6410 2.5  34
                6420 2.4  34
                6425 2.4  30
                6430 2.3  30
                6440 2.2  30
                6450 2.1  28
                6460 2  28
                6470 1.9  28
                6475 1.9  24
                6480 1.8  24
                6490 1.7  24
                6500 1.6  21
                6510 1.5  21
                6520 1.399999999999999  21
                6525 1.399999999999999  17
                6530 1.299999999999999  17
                6540 1.199999999999999  17
                6550 1.099999999999999  15
                6560 0.9999999999999992  15
                6570 0.8999999999999992  15
                6575 0.8999999999999992  11
                6580 0.7999999999999993  11
                6590 0.6999999999999993  11
                6600 0.5999999999999993   8
                6610 0.4999999999999993   8
                6620 0.3999999999999994   8
                6625 0.3999999999999994   5
                6630 0.2999999999999994   5
                6640 0.1999999999999994   5
                6650 0.09999999999999937   2
                6660 -6.38378239159465e-16   2
                6670 -0.1000000000000006   2
                6675 -0.1000000000000006 255
                6680 -0.2000000000000006 255
                6690 -0.3000000000000007 255
                6700 -0.4000000000000007 253
                6710 -0.5000000000000007 253
                6720 -0.6000000000000006 253
                6725 -0.6000000000000006 249
                6730 -0.7000000000000006 249
                6740 -0.8000000000000006 249
                6750 -0.9000000000000006 246
                6760 -1.000000000000001 246
                6770 -1.100000000000001 246
                6775 -1.100000000000001 242
                6780 -1.200000000000001 242
                6790 -1.300000000000001 242
                6800 -1.400000000000001 240
                6810 -1.500000000000001 240
                6820 -1.600000000000001 240
                6825 -1.600000000000001 236
                6830 -1.700000000000001 236
                6840 -1.800000000000001 236
                6850 -1.900000000000001 233
                6860 -2.000000000000001 233
                6870 -2.100000000000001 233
                6875 -2.100000000000001 230
                6880 -2.200000000000002 230
                6890 -2.300000000000002 230
                6900 -2.400000000000002 227
                6910 -2.500000000000002 227
                6920 -2.600000000000002 227
                6925 -2.600000000000002 223
                6930 -2.700000000000002 223
                6940 -2.800000000000002 223
                6950 -2.900000000000002 221
                6960 -3.000000000000002 221
                6970 -3.100000000000002 221
                6975 -3.100000000000002 217
                6980 -3.200000000000002 217
                6990 -3.300000000000002 217
                7000 -3.400000000000003 214
                7010 -3.500000000000003 214
                7020 -3.600000000000003 214
                7025 -3.600000000000003 210
                7030 -3.700000000000003 210
                7040 -3.800000000000003 210
                7050 -3.900000000000003 208
                7060 -4.000000000000003 208
                7070 -4.100000000000002 208
                7075 -4.100000000000002 204
                7080 -4.200000000000002 204
                7090 -4.300000000000002 204
                7100 -4.400000000000001 201
                7110 -4.500000000000001 201
                7120 -4.600000000000001 201
                7125 -4.600000000000001 198
                7130 -4.7 198
                7140 -4.8 198
                7150 -4.899999999999999 195
                7160 -4.999999999999999 195
                7170 -5.099999999999999 195
                7175 -5.099999999999999 191
                7180 -5.199999999999998 191
                7190 -5.299999999999998 191
                7200 -5.399999999999998 189
                7210 -5.499999999999997 189
                7220 -5.599999999999997 189
                7225 -5.599999999999997 185
                7230 -5.699999999999997 185
                7240 -5.799999999999996 185
                7250 -5.899999999999996 182
                7260 -5.999999999999996 182
                7270 -6.099999999999995 182
                7275 -6.099999999999995 178
                7280 -6.199999999999995 178
                7290 -6.299999999999994 178
                7300 -6.399999999999994 176
                7310 -6.499999999999994 176
                7320 -6.599999999999993 176
                7325 -6.599999999999993 172
                7330 -6.699999999999993 172
                7340 -6.799999999999993 172
                7350 -6.899999999999992 169
                7360 -6.999999999999992 169
                7370 -7.099999999999992 169
                7375 -7.099999999999992 166
                7380 -7.199999999999991 166
                7390 -7.299999999999991 166
                7400 -7.399999999999991 163
                7410 -7.49999999999999 163
                7420 -7.59999999999999 163
                7425 -7.59999999999999 159
                7430 -7.69999999999999 159
                7440 -7.799999999999989 159
                7450 -7.899999999999989 157
                7460 -7.999999999999988 157
                7470 -8.099999999999989 157
                7475 -8.099999999999989 153
                7480 -8.199999999999989 153
                7490 -8.299999999999988 153
                7500 -8.399999999999988 150
                7510 -8.499999999999988 150
                7520 -8.599999999999987 150
                7525 -8.599999999999987 146
                7530 -8.699999999999987 146
                7540 -8.799999999999986 146
                7550 -8.899999999999986 144
                7560 -8.999999999999986 144
                7570 -9.099999999999985 144
                7575 -9.099999999999985 140
                7580 -9.199999999999985 140
                7590 -9.299999999999985 140
                7600 -9.399999999999984 137
                7610 -9.499999999999984 137
                7620 -9.599999999999984 137
                7625 -9.599999999999984 134
                7630 -9.699999999999983 134
                7640 -9.799999999999983 134
                7650 -9.899999999999983 131
                7660 -9.999999999999982 131
                7670 -10.09999999999998 131
                7675 -10.09999999999998 129
                7680 -10.19999999999998 129
                7690 -10.29999999999998 129
                7700 -10.39999999999998 129
                7710 -10.49999999999998 129
                7720 -10.59999999999998 129
                7730 -10.69999999999998 129
                7740 -10.79999999999998 129
                7750 -10.89999999999998 129
                7760 -10.99999999999998 129
                7770 -11.09999999999998 129
                7780 -10.99999999999998 129
                7790 -10.89999999999998 129
                7800 -10.79999999999998 129
                7810 -10.69999999999998 129
                7820 -10.59999999999998 129
                7830 -10.49999999999998 129
                7840 -10.39999999999998 129
                7850 -10.29999999999998 129
                7860 -10.19999999999998 129
                7870 -10.09999999999998 129
                7880 -9.999999999999982 129
                7890 -9.899999999999983 129
                7900 -9.799999999999983 130
                7910 -9.699999999999983 130
                7920 -9.599999999999984 130
                7925 -9.599999999999984 134
                7930 -9.499999999999984 134
                7940 -9.399999999999984 134
                7950 -9.299999999999985 136
                7960 -9.199999999999985 136
                7970 -9.099999999999985 136
                7975 -9.099999999999985 140
                7980 -8.999999999999986 140
                7990 -8.899999999999986 140
                8000 -8.799999999999986 143
                8010 -8.699999999999987 143
                8020 -8.599999999999987 143
                8025 -8.599999999999987 146
                8030 -8.499999999999988 146
                8040 -8.399999999999988 146
                8050 -8.299999999999988 149
                8060 -8.199999999999989 149
                8070 -8.099999999999989 149
                8075 -8.099999999999989 153
                8080 -7.999999999999989 153
                8090 -7.89999999999999 153
                8100 -7.79999999999999 155
                8110 -7.69999999999999 155
                8120 -7.599999999999991 155
                8125 -7.599999999999991 159
                8130 -7.499999999999991 159
                8140 -7.399999999999991 159
                8150 -7.299999999999992 162
                8160 -7.199999999999992 162
                8170 -7.099999999999993 162
                8175 -7.099999999999993 166
                8180 -6.999999999999993 166
                8190 -6.899999999999993 166
                8200 -6.799999999999994 168
                8210 -6.699999999999994 168
                8220 -6.599999999999994 168
                8225 -6.599999999999994 172
                8230 -6.499999999999995 172
                8240 -6.399999999999995 172
                8250 -6.299999999999995 175
                8260 -6.199999999999996 175
                8270 -6.099999999999996 175
                8275 -6.099999999999996 178
                8280 -5.999999999999996 178
                8290 -5.899999999999997 178
                8300 -5.799999999999997 181
                8310 -5.699999999999998 181
                8320 -5.599999999999998 181
                8325 -5.599999999999998 185
                8330 -5.499999999999998 185
                8340 -5.399999999999999 185
                8350 -5.299999999999999 187
                8360 -5.199999999999999 187
                8370 -5.1 187
                8375 -5.1 191
                8380 -5 191
                8390 -4.9 191
                8400 -4.800000000000001 194
                8410 -4.700000000000001 194
                8420 -4.600000000000001 194
                8425 -4.600000000000001 198
                8430 -4.500000000000002 198
                8440 -4.400000000000002 198
                8450 -4.300000000000002 200
                8460 -4.200000000000003 200
                8470 -4.100000000000003 200
                8475 -4.100000000000003 204
                8480 -4.000000000000004 204
                8490 -3.900000000000003 204
                8500 -3.800000000000003 207
                8510 -3.700000000000003 207
                8520 -3.600000000000003 207
                8525 -3.600000000000003 210
                8530 -3.500000000000003 210
                8540 -3.400000000000003 210
                8550 -3.300000000000003 213
                8560 -3.200000000000003 213
                8570 -3.100000000000003 213
                8575 -3.100000000000003 217
                8580 -3.000000000000003 217
                8590 -2.900000000000003 217
                8600 -2.800000000000002 219
                8610 -2.700000000000002 219
                8620 -2.600000000000002 219
                8625 -2.600000000000002 223
                8630 -2.500000000000002 223
                8640 -2.400000000000002 223
                8650 -2.300000000000002 226
                8660 -2.200000000000002 226
                8670 -2.100000000000002 226
                8675 -2.100000000000002 230
                8680 -2.000000000000002 230
                8690 -1.900000000000002 230
                8700 -1.800000000000002 232
                8710 -1.700000000000002 232
                8720 -1.600000000000001 232
                8725 -1.600000000000001 236
                8730 -1.500000000000001 236
                8740 -1.400000000000001 236
                8750 -1.300000000000001 239
                8760 -1.200000000000001 239
                8770 -1.100000000000001 239
                8775 -1.100000000000001 242
                8780 -1.000000000000001 242
                8790 -0.9000000000000009 242
                8800 -0.8000000000000009 245
                8810 -0.700000000000001 245
                8820 -0.600000000000001 245
                8825 -0.600000000000001 249
                8830 -0.500000000000001 249
                8840 -0.400000000000001 249
                8850 -0.300000000000001 251
                8860 -0.200000000000001 251
                8870 -0.100000000000001 251
                8875 -0.100000000000001 255
                8880 -1.02695629777827e-15 255
                8890 0.09999999999999898 255
                8900 0.199999999999999   1
                8910 0.299999999999999   1
                8920 0.399999999999999   1
                8925 0.399999999999999   5
                8930 0.499999999999999   5
                8940 0.599999999999999   5
                8950 0.699999999999999   7
                8960 0.7999999999999989   7
                8970 0.8999999999999989   7
                8975 0.8999999999999989  11
                8980 0.9999999999999989  11
                8990 1.099999999999999  11
                9000 1.199999999999999  14
                9010 1.299999999999999  14
                9020 1.399999999999999  14
                9025 1.399999999999999  17
                9030 1.499999999999999  17
                9040 1.599999999999999  17
                9050 1.7  20
                9060 1.8  20
                9070 1.9  20
                9075 1.9  24
                9080 2  24
                9090 2.1  24
                9100 2.2  26
                9110 2.3  26
                9120 2.4  26
                9125 2.4  30
                9130 2.5  30
                9140 2.6  30
                9150 2.7  33
                9160 2.8  33
                9170 2.9  33
                9175 2.9  37
                9180 3  37
                9190 3.100000000000001  37
                9200 3.200000000000001  39
                9210 3.300000000000001  39
                9220 3.400000000000001  39
                9225 3.400000000000001  43
                9230 3.500000000000001  43
                9240 3.600000000000001  43
                9250 3.700000000000001  46
                9260 3.800000000000001  46
                9270 3.900000000000001  46
                9275 3.900000000000001  49
                9280 4.000000000000001  49
                9290 4.100000000000001  49
                9300 4.2  52
                9310 4.3  52
                9320 4.399999999999999  52
                9325 4.399999999999999  56
                9330 4.499999999999999  56
                9340 4.599999999999999  56
                9350 4.699999999999998  58
                9360 4.799999999999998  58
                9370 4.899999999999998  58
                9375 4.899999999999998  62
                9380 4.999999999999997  62
                9390 5.099999999999997  62
                9400 5.199999999999997  65
                9410 5.299999999999996  65
                9420 5.399999999999996  65
                9425 5.399999999999996  69
                9430 5.499999999999996  69
                9440 5.599999999999995  69
                9450 5.699999999999995  71
                9460 5.799999999999994  71
                9470 5.899999999999994  71
                9475 5.899999999999994  75
                9480 5.999999999999994  75
                9490 6.099999999999993  75
                9500 6.199999999999993  78
                9510 6.299999999999993  78
                9520 6.399999999999992  78
                9525 6.399999999999992  81
                9530 6.499999999999992  81
                9540 6.599999999999992  81
                9550 6.699999999999991  84
                9560 6.799999999999991  84
                9570 6.899999999999991  84
                9575 6.899999999999991  88
                9580 6.99999999999999  88
                9590 7.09999999999999  88
                9600 7.19999999999999  90
                9610 7.299999999999989  90
                9620 7.399999999999989  90
                9625 7.399999999999989  94
                9630 7.499999999999988  94
                9640 7.599999999999988  94
                9650 7.699999999999988  97
                9660 7.799999999999987  97
                9670 7.899999999999987  97
                9675 7.899999999999987 101
                9680 7.999999999999987 101
                9690 8.099999999999987 101
                9700 8.199999999999987 103
                9710 8.299999999999986 103
                9720 8.399999999999986 103
                9725 8.399999999999986 107
                9730 8.499999999999986 107
                9740 8.599999999999985 107
                9750 8.699999999999985 110
                9760 8.799999999999985 110
                9770 8.899999999999984 110
                9775 8.899999999999984 113
                9780 8.999999999999984 113
                9790 9.099999999999984 113
                9800 9.199999999999983 116
                9810 9.299999999999983 116
                9820 9.399999999999983 116
                9825 9.399999999999983 120
                9830 9.499999999999982 120
                9840 9.599999999999982 120
                9850 9.699999999999982 122
                9860 9.799999999999981 122
                9870 9.899999999999981 122
                9875 9.899999999999981 126
                9880 9.99999999999998 126
                9890 10.09999999999998 126
                9900 10.19999999999998 127
                9910 10.29999999999998 127
                9920 10.39999999999998 127
                9930 10.49999999999998 127
                9940 10.59999999999998 127
                9950 10.69999999999998 127
                9960 10.79999999999998 127
                9970 10.89999999999998 127
                9980 10.99999999999998 127
                9990 11.09999999999998 127
Simulation stopped via $stop(1) at time 10 US + 0
ncsim> ^C
ncsim> exit
...Regained control from SimVision
-------------------------------------
TOOL:	irun(64)	15.20-s069: Exiting on Jan 13, 2021 at 14:45:03 IST  (total: 00:03:30)
